[04-Jan-2019 18:48:09 UTC] PHP Warning:  call_user_func_array() expects parameter 1 to be a valid callback, function 'university_features' not found or invalid function name in /app/public/wp-includes/class-wp-hook.php on line 286
[05-Jan-2019 12:07:16 UTC] PHP Parse error:  syntax error, unexpected '}' in /app/public/wp-content/themes/mytheme/page.php on line 25
[05-Jan-2019 13:40:06 UTC] PHP Parse error:  syntax error, unexpected ';', expecting ')' in /app/public/wp-content/themes/mytheme/page.php on line 45
[11-Jan-2019 12:25:16 UTC] PHP Parse error:  syntax error, unexpected end of file in /app/public/wp-content/themes/mytheme/index.php on line 20
[11-Jan-2019 12:26:14 UTC] PHP Parse error:  syntax error, unexpected '<', expecting end of file in /app/public/wp-content/themes/mytheme/index.php on line 5
[11-Jan-2019 12:27:03 UTC] PHP Parse error:  syntax error, unexpected '<', expecting end of file in /app/public/wp-content/themes/mytheme/index.php on line 5
[11-Jan-2019 12:35:12 UTC] PHP Parse error:  syntax error, unexpected 'while' (T_WHILE) in /app/public/wp-content/themes/mytheme/index.php on line 18
[04-Feb-2019 19:22:24 UTC] PHP Parse error:  syntax error, unexpected '/' in /app/public/wp-content/themes/mytheme/front-page.php on line 67
[04-Feb-2019 19:45:00 UTC] PHP Fatal error:  Uncaught Error: Call to undefined function wp_get_post_id() in /app/public/wp-content/themes/mytheme/header.php:24
Stack trace:
#0 /app/public/wp-includes/template.php(688): require_once()
#1 /app/public/wp-includes/template.php(647): load_template('/app/public/wp-...', true)
#2 /app/public/wp-includes/general-template.php(41): locate_template(Array, true)
#3 /app/public/wp-content/themes/mytheme/index.php(2): get_header()
#4 /app/public/wp-includes/template-loader.php(74): include('/app/public/wp-...')
#5 /app/public/wp-blog-header.php(19): require_once('/app/public/wp-...')
#6 /app/public/index.php(17): require('/app/public/wp-...')
#7 {main}
  thrown in /app/public/wp-content/themes/mytheme/header.php on line 24
[04-Feb-2019 19:45:04 UTC] PHP Fatal error:  Uncaught Error: Call to undefined function wp_get_post_id() in /app/public/wp-content/themes/mytheme/header.php:24
Stack trace:
#0 /app/public/wp-includes/template.php(688): require_once()
#1 /app/public/wp-includes/template.php(647): load_template('/app/public/wp-...', true)
#2 /app/public/wp-includes/general-template.php(41): locate_template(Array, true)
#3 /app/public/wp-content/themes/mytheme/index.php(2): get_header()
#4 /app/public/wp-includes/template-loader.php(74): include('/app/public/wp-...')
#5 /app/public/wp-blog-header.php(19): require_once('/app/public/wp-...')
#6 /app/public/index.php(17): require('/app/public/wp-...')
#7 {main}
  thrown in /app/public/wp-content/themes/mytheme/header.php on line 24
[04-Feb-2019 19:46:37 UTC] PHP Fatal error:  Uncaught Error: Call to undefined function wp_get_post_id() in /app/public/wp-content/themes/mytheme/header.php:24
Stack trace:
#0 /app/public/wp-includes/template.php(688): require_once()
#1 /app/public/wp-includes/template.php(647): load_template('/app/public/wp-...', true)
#2 /app/public/wp-includes/general-template.php(41): locate_template(Array, true)
#3 /app/public/wp-content/themes/mytheme/index.php(2): get_header()
#4 /app/public/wp-includes/template-loader.php(74): include('/app/public/wp-...')
#5 /app/public/wp-blog-header.php(19): require_once('/app/public/wp-...')
#6 /app/public/index.php(17): require('/app/public/wp-...')
#7 {main}
  thrown in /app/public/wp-content/themes/mytheme/header.php on line 24
[04-Feb-2019 19:46:42 UTC] PHP Fatal error:  Uncaught Error: Call to undefined function wp_get_post_id() in /app/public/wp-content/themes/mytheme/header.php:24
Stack trace:
#0 /app/public/wp-includes/template.php(688): require_once()
#1 /app/public/wp-includes/template.php(647): load_template('/app/public/wp-...', true)
#2 /app/public/wp-includes/general-template.php(41): locate_template(Array, true)
#3 /app/public/wp-content/themes/mytheme/front-page.php(1): get_header()
#4 /app/public/wp-includes/template-loader.php(74): include('/app/public/wp-...')
#5 /app/public/wp-blog-header.php(19): require_once('/app/public/wp-...')
#6 /app/public/index.php(17): require('/app/public/wp-...')
#7 {main}
  thrown in /app/public/wp-content/themes/mytheme/header.php on line 24
[04-Feb-2019 19:46:47 UTC] PHP Fatal error:  Uncaught Error: Call to undefined function wp_get_post_id() in /app/public/wp-content/themes/mytheme/header.php:24
Stack trace:
#0 /app/public/wp-includes/template.php(688): require_once()
#1 /app/public/wp-includes/template.php(647): load_template('/app/public/wp-...', true)
#2 /app/public/wp-includes/general-template.php(41): locate_template(Array, true)
#3 /app/public/wp-content/themes/mytheme/front-page.php(1): get_header()
#4 /app/public/wp-includes/template-loader.php(74): include('/app/public/wp-...')
#5 /app/public/wp-blog-header.php(19): require_once('/app/public/wp-...')
#6 /app/public/index.php(17): require('/app/public/wp-...')
#7 {main}
  thrown in /app/public/wp-content/themes/mytheme/header.php on line 24
[04-Feb-2019 19:47:00 UTC] PHP Fatal error:  Uncaught Error: Call to undefined function wp_get_post_id() in /app/public/wp-content/themes/mytheme/header.php:24
Stack trace:
#0 /app/public/wp-includes/template.php(688): require_once()
#1 /app/public/wp-includes/template.php(647): load_template('/app/public/wp-...', true)
#2 /app/public/wp-includes/general-template.php(41): locate_template(Array, true)
#3 /app/public/wp-content/themes/mytheme/front-page.php(1): get_header()
#4 /app/public/wp-includes/template-loader.php(74): include('/app/public/wp-...')
#5 /app/public/wp-blog-header.php(19): require_once('/app/public/wp-...')
#6 /app/public/index.php(17): require('/app/public/wp-...')
#7 {main}
  thrown in /app/public/wp-content/themes/mytheme/header.php on line 24
[04-Feb-2019 19:47:02 UTC] PHP Fatal error:  Uncaught Error: Call to undefined function wp_get_post_id() in /app/public/wp-content/themes/mytheme/header.php:24
Stack trace:
#0 /app/public/wp-includes/template.php(688): require_once()
#1 /app/public/wp-includes/template.php(647): load_template('/app/public/wp-...', true)
#2 /app/public/wp-includes/general-template.php(41): locate_template(Array, true)
#3 /app/public/wp-content/themes/mytheme/front-page.php(1): get_header()
#4 /app/public/wp-includes/template-loader.php(74): include('/app/public/wp-...')
#5 /app/public/wp-blog-header.php(19): require_once('/app/public/wp-...')
#6 /app/public/index.php(17): require('/app/public/wp-...')
#7 {main}
  thrown in /app/public/wp-content/themes/mytheme/header.php on line 24
[04-Feb-2019 19:47:27 UTC] PHP Fatal error:  Uncaught Error: Call to undefined function wp_get_post_id() in /app/public/wp-content/themes/mytheme/header.php:24
Stack trace:
#0 /app/public/wp-includes/template.php(688): require_once()
#1 /app/public/wp-includes/template.php(647): load_template('/app/public/wp-...', true)
#2 /app/public/wp-includes/general-template.php(41): locate_template(Array, true)
#3 /app/public/wp-content/themes/mytheme/front-page.php(1): get_header()
#4 /app/public/wp-includes/template-loader.php(74): include('/app/public/wp-...')
#5 /app/public/wp-blog-header.php(19): require_once('/app/public/wp-...')
#6 /app/public/index.php(17): require('/app/public/wp-...')
#7 {main}
  thrown in /app/public/wp-content/themes/mytheme/header.php on line 24
[04-Feb-2019 19:47:32 UTC] PHP Fatal error:  Uncaught Error: Call to undefined function wp_get_post_id() in /app/public/wp-content/themes/mytheme/header.php:24
Stack trace:
#0 /app/public/wp-includes/template.php(688): require_once()
#1 /app/public/wp-includes/template.php(647): load_template('/app/public/wp-...', true)
#2 /app/public/wp-includes/general-template.php(41): locate_template(Array, true)
#3 /app/public/wp-content/themes/mytheme/index.php(2): get_header()
#4 /app/public/wp-includes/template-loader.php(74): include('/app/public/wp-...')
#5 /app/public/wp-blog-header.php(19): require_once('/app/public/wp-...')
#6 /app/public/index.php(17): require('/app/public/wp-...')
#7 {main}
  thrown in /app/public/wp-content/themes/mytheme/header.php on line 24
[04-Feb-2019 19:47:36 UTC] PHP Fatal error:  Uncaught Error: Call to undefined function wp_get_post_id() in /app/public/wp-content/themes/mytheme/header.php:24
Stack trace:
#0 /app/public/wp-includes/template.php(688): require_once()
#1 /app/public/wp-includes/template.php(647): load_template('/app/public/wp-...', true)
#2 /app/public/wp-includes/general-template.php(41): locate_template(Array, true)
#3 /app/public/wp-content/themes/mytheme/index.php(2): get_header()
#4 /app/public/wp-includes/template-loader.php(74): include('/app/public/wp-...')
#5 /app/public/wp-blog-header.php(19): require_once('/app/public/wp-...')
#6 /app/public/index.php(17): require('/app/public/wp-...')
#7 {main}
  thrown in /app/public/wp-content/themes/mytheme/header.php on line 24
[04-Feb-2019 19:47:38 UTC] PHP Fatal error:  Uncaught Error: Call to undefined function wp_get_post_id() in /app/public/wp-content/themes/mytheme/header.php:24
Stack trace:
#0 /app/public/wp-includes/template.php(688): require_once()
#1 /app/public/wp-includes/template.php(647): load_template('/app/public/wp-...', true)
#2 /app/public/wp-includes/general-template.php(41): locate_template(Array, true)
#3 /app/public/wp-content/themes/mytheme/index.php(2): get_header()
#4 /app/public/wp-includes/template-loader.php(74): include('/app/public/wp-...')
#5 /app/public/wp-blog-header.php(19): require_once('/app/public/wp-...')
#6 /app/public/index.php(17): require('/app/public/wp-...')
#7 {main}
  thrown in /app/public/wp-content/themes/mytheme/header.php on line 24
[04-Feb-2019 19:47:48 UTC] PHP Fatal error:  Uncaught Error: Call to undefined function wp_get_post_id() in /app/public/wp-content/themes/mytheme/header.php:24
Stack trace:
#0 /app/public/wp-includes/template.php(688): require_once()
#1 /app/public/wp-includes/template.php(647): load_template('/app/public/wp-...', true)
#2 /app/public/wp-includes/general-template.php(41): locate_template(Array, true)
#3 /app/public/wp-content/themes/mytheme/front-page.php(1): get_header()
#4 /app/public/wp-includes/template-loader.php(74): include('/app/public/wp-...')
#5 /app/public/wp-blog-header.php(19): require_once('/app/public/wp-...')
#6 /app/public/index.php(17): require('/app/public/wp-...')
#7 {main}
  thrown in /app/public/wp-content/themes/mytheme/header.php on line 24
[04-Feb-2019 19:48:35 UTC] PHP Fatal error:  Uncaught Error: Call to undefined function wp_get_post_id() in /app/public/wp-content/themes/mytheme/header.php:24
Stack trace:
#0 /app/public/wp-includes/template.php(688): require_once()
#1 /app/public/wp-includes/template.php(647): load_template('/app/public/wp-...', true)
#2 /app/public/wp-includes/general-template.php(41): locate_template(Array, true)
#3 /app/public/wp-content/themes/mytheme/front-page.php(1): get_header()
#4 /app/public/wp-includes/template-loader.php(74): include('/app/public/wp-...')
#5 /app/public/wp-blog-header.php(19): require_once('/app/public/wp-...')
#6 /app/public/index.php(17): require('/app/public/wp-...')
#7 {main}
  thrown in /app/public/wp-content/themes/mytheme/header.php on line 24
[04-Feb-2019 19:48:36 UTC] PHP Fatal error:  Uncaught Error: Call to undefined function wp_get_post_id() in /app/public/wp-content/themes/mytheme/header.php:24
Stack trace:
#0 /app/public/wp-includes/template.php(688): require_once()
#1 /app/public/wp-includes/template.php(647): load_template('/app/public/wp-...', true)
#2 /app/public/wp-includes/general-template.php(41): locate_template(Array, true)
#3 /app/public/wp-content/themes/mytheme/front-page.php(1): get_header()
#4 /app/public/wp-includes/template-loader.php(74): include('/app/public/wp-...')
#5 /app/public/wp-blog-header.php(19): require_once('/app/public/wp-...')
#6 /app/public/index.php(17): require('/app/public/wp-...')
#7 {main}
  thrown in /app/public/wp-content/themes/mytheme/header.php on line 24
[04-Feb-2019 19:48:40 UTC] PHP Fatal error:  Uncaught Error: Call to undefined function wp_get_post_id() in /app/public/wp-content/themes/mytheme/header.php:24
Stack trace:
#0 /app/public/wp-includes/template.php(688): require_once()
#1 /app/public/wp-includes/template.php(647): load_template('/app/public/wp-...', true)
#2 /app/public/wp-includes/general-template.php(41): locate_template(Array, true)
#3 /app/public/wp-content/themes/mytheme/front-page.php(1): get_header()
#4 /app/public/wp-includes/template-loader.php(74): include('/app/public/wp-...')
#5 /app/public/wp-blog-header.php(19): require_once('/app/public/wp-...')
#6 /app/public/index.php(17): require('/app/public/wp-...')
#7 {main}
  thrown in /app/public/wp-content/themes/mytheme/header.php on line 24
[04-Feb-2019 19:49:03 UTC] PHP Fatal error:  Uncaught Error: Call to undefined function wp_get_post_id() in /app/public/wp-content/themes/mytheme/header.php:24
Stack trace:
#0 /app/public/wp-includes/template.php(688): require_once()
#1 /app/public/wp-includes/template.php(647): load_template('/app/public/wp-...', true)
#2 /app/public/wp-includes/general-template.php(41): locate_template(Array, true)
#3 /app/public/wp-content/themes/mytheme/front-page.php(1): get_header()
#4 /app/public/wp-includes/template-loader.php(74): include('/app/public/wp-...')
#5 /app/public/wp-blog-header.php(19): require_once('/app/public/wp-...')
#6 /app/public/index.php(17): require('/app/public/wp-...')
#7 {main}
  thrown in /app/public/wp-content/themes/mytheme/header.php on line 24
[04-Feb-2019 19:49:11 UTC] PHP Fatal error:  Uncaught Error: Call to undefined function wp_get_post_id() in /app/public/wp-content/themes/mytheme/header.php:24
Stack trace:
#0 /app/public/wp-includes/template.php(688): require_once()
#1 /app/public/wp-includes/template.php(647): load_template('/app/public/wp-...', true)
#2 /app/public/wp-includes/general-template.php(41): locate_template(Array, true)
#3 /app/public/wp-content/themes/mytheme/index.php(2): get_header()
#4 /app/public/wp-includes/template-loader.php(74): include('/app/public/wp-...')
#5 /app/public/wp-blog-header.php(19): require_once('/app/public/wp-...')
#6 /app/public/index.php(17): require('/app/public/wp-...')
#7 {main}
  thrown in /app/public/wp-content/themes/mytheme/header.php on line 24
[04-Feb-2019 19:49:22 UTC] PHP Fatal error:  Uncaught Error: Call to undefined function wp_get_post_id() in /app/public/wp-content/themes/mytheme/header.php:24
Stack trace:
#0 /app/public/wp-includes/template.php(688): require_once()
#1 /app/public/wp-includes/template.php(647): load_template('/app/public/wp-...', true)
#2 /app/public/wp-includes/general-template.php(41): locate_template(Array, true)
#3 /app/public/wp-content/themes/mytheme/page.php(3): get_header()
#4 /app/public/wp-includes/template-loader.php(74): include('/app/public/wp-...')
#5 /app/public/wp-blog-header.php(19): require_once('/app/public/wp-...')
#6 /app/public/index.php(17): require('/app/public/wp-...')
#7 {main}
  thrown in /app/public/wp-content/themes/mytheme/header.php on line 24
[04-Feb-2019 19:49:25 UTC] PHP Fatal error:  Uncaught Error: Call to undefined function wp_get_post_id() in /app/public/wp-content/themes/mytheme/header.php:24
Stack trace:
#0 /app/public/wp-includes/template.php(688): require_once()
#1 /app/public/wp-includes/template.php(647): load_template('/app/public/wp-...', true)
#2 /app/public/wp-includes/general-template.php(41): locate_template(Array, true)
#3 /app/public/wp-content/themes/mytheme/page.php(3): get_header()
#4 /app/public/wp-includes/template-loader.php(74): include('/app/public/wp-...')
#5 /app/public/wp-blog-header.php(19): require_once('/app/public/wp-...')
#6 /app/public/index.php(17): require('/app/public/wp-...')
#7 {main}
  thrown in /app/public/wp-content/themes/mytheme/header.php on line 24
[04-Feb-2019 19:52:18 UTC] PHP Fatal error:  Uncaught Error: Call to undefined function wp_get_post_id() in /app/public/wp-content/themes/mytheme/header.php:24
Stack trace:
#0 /app/public/wp-includes/template.php(688): require_once()
#1 /app/public/wp-includes/template.php(647): load_template('/app/public/wp-...', true)
#2 /app/public/wp-includes/general-template.php(41): locate_template(Array, true)
#3 /app/public/wp-content/themes/mytheme/front-page.php(1): get_header()
#4 /app/public/wp-includes/template-loader.php(74): include('/app/public/wp-...')
#5 /app/public/wp-blog-header.php(19): require_once('/app/public/wp-...')
#6 /app/public/index.php(17): require('/app/public/wp-...')
#7 {main}
  thrown in /app/public/wp-content/themes/mytheme/header.php on line 24
[04-Feb-2019 19:52:22 UTC] PHP Fatal error:  Uncaught Error: Call to undefined function wp_get_post_id() in /app/public/wp-content/themes/mytheme/header.php:24
Stack trace:
#0 /app/public/wp-includes/template.php(688): require_once()
#1 /app/public/wp-includes/template.php(647): load_template('/app/public/wp-...', true)
#2 /app/public/wp-includes/general-template.php(41): locate_template(Array, true)
#3 /app/public/wp-content/themes/mytheme/page.php(3): get_header()
#4 /app/public/wp-includes/template-loader.php(74): include('/app/public/wp-...')
#5 /app/public/wp-blog-header.php(19): require_once('/app/public/wp-...')
#6 /app/public/index.php(17): require('/app/public/wp-...')
#7 {main}
  thrown in /app/public/wp-content/themes/mytheme/header.php on line 24
[04-Feb-2019 19:55:57 UTC] PHP Parse error:  syntax error, unexpected ')', expecting end of file in /app/public/wp-content/themes/mytheme/header.php on line 25
[04-Feb-2019 19:56:20 UTC] PHP Fatal error:  Uncaught Error: Call to undefined function wp_get_post_id() in /app/public/wp-content/themes/mytheme/header.php:30
Stack trace:
#0 /app/public/wp-includes/template.php(688): require_once()
#1 /app/public/wp-includes/template.php(647): load_template('/app/public/wp-...', true)
#2 /app/public/wp-includes/general-template.php(41): locate_template(Array, true)
#3 /app/public/wp-content/themes/mytheme/single.php(3): get_header()
#4 /app/public/wp-includes/template-loader.php(74): include('/app/public/wp-...')
#5 /app/public/wp-blog-header.php(19): require_once('/app/public/wp-...')
#6 /app/public/index.php(17): require('/app/public/wp-...')
#7 {main}
  thrown in /app/public/wp-content/themes/mytheme/header.php on line 30
[04-Feb-2019 19:56:21 UTC] PHP Fatal error:  Uncaught Error: Call to undefined function wp_get_post_id() in /app/public/wp-content/themes/mytheme/header.php:30
Stack trace:
#0 /app/public/wp-includes/template.php(688): require_once()
#1 /app/public/wp-includes/template.php(647): load_template('/app/public/wp-...', true)
#2 /app/public/wp-includes/general-template.php(41): locate_template(Array, true)
#3 /app/public/wp-content/themes/mytheme/single.php(3): get_header()
#4 /app/public/wp-includes/template-loader.php(74): include('/app/public/wp-...')
#5 /app/public/wp-blog-header.php(19): require_once('/app/public/wp-...')
#6 /app/public/index.php(17): require('/app/public/wp-...')
#7 {main}
  thrown in /app/public/wp-content/themes/mytheme/header.php on line 30
[04-Feb-2019 19:56:28 UTC] PHP Fatal error:  Uncaught Error: Call to undefined function wp_get_post_id() in /app/public/wp-content/themes/mytheme/header.php:30
Stack trace:
#0 /app/public/wp-includes/template.php(688): require_once()
#1 /app/public/wp-includes/template.php(647): load_template('/app/public/wp-...', true)
#2 /app/public/wp-includes/general-template.php(41): locate_template(Array, true)
#3 /app/public/wp-content/themes/mytheme/front-page.php(1): get_header()
#4 /app/public/wp-includes/template-loader.php(74): include('/app/public/wp-...')
#5 /app/public/wp-blog-header.php(19): require_once('/app/public/wp-...')
#6 /app/public/index.php(17): require('/app/public/wp-...')
#7 {main}
  thrown in /app/public/wp-content/themes/mytheme/header.php on line 30
[04-Feb-2019 19:57:46 UTC] PHP Fatal error:  Uncaught Error: Call to undefined function wp_get_post_id() in /app/public/wp-content/themes/mytheme/header.php:30
Stack trace:
#0 /app/public/wp-includes/template.php(688): require_once()
#1 /app/public/wp-includes/template.php(647): load_template('/app/public/wp-...', true)
#2 /app/public/wp-includes/general-template.php(41): locate_template(Array, true)
#3 /app/public/wp-content/themes/mytheme/front-page.php(1): get_header()
#4 /app/public/wp-includes/template-loader.php(74): include('/app/public/wp-...')
#5 /app/public/wp-blog-header.php(19): require_once('/app/public/wp-...')
#6 /app/public/index.php(17): require('/app/public/wp-...')
#7 {main}
  thrown in /app/public/wp-content/themes/mytheme/header.php on line 30
[12-Feb-2019 16:46:36 UTC] PHP Parse error:  syntax error, unexpected '=>' (T_DOUBLE_ARROW), expecting ',' or ')' in /app/public/wp-content/themes/mytheme/functions.php on line 23
[12-Feb-2019 16:47:30 UTC] PHP Parse error:  syntax error, unexpected '=>' (T_DOUBLE_ARROW), expecting ',' or ')' in /app/public/wp-content/themes/mytheme/functions.php on line 23
[12-Feb-2019 16:48:01 UTC] PHP Parse error:  syntax error, unexpected '=>' (T_DOUBLE_ARROW), expecting ',' or ')' in /app/public/wp-content/themes/mytheme/functions.php on line 23
[12-Feb-2019 17:00:34 UTC] PHP Parse error:  syntax error, unexpected '>' in /app/public/wp-content/mu-plugins/university-post-types.php on line 9
[12-Feb-2019 17:00:34 UTC] PHP Parse error:  syntax error, unexpected '>' in /app/public/wp-content/mu-plugins/university-post-types.php on line 9
[16-Feb-2019 14:52:24 UTC] PHP Parse error:  syntax error, unexpected '}' in /app/public/wp-content/themes/mytheme/front-page.php on line 28
[17-Feb-2019 11:40:00 UTC] PHP Fatal error:  Uncaught Exception: DateTime::__construct(): Failed to parse time string (18/02/2019) at position 0 (1): Unexpected character in /app/public/wp-content/themes/mytheme/front-page.php:32
Stack trace:
#0 /app/public/wp-content/themes/mytheme/front-page.php(32): DateTime->__construct('18/02/2019')
#1 /app/public/wp-includes/template-loader.php(74): include('/app/public/wp-...')
#2 /app/public/wp-blog-header.php(19): require_once('/app/public/wp-...')
#3 /app/public/index.php(17): require('/app/public/wp-...')
#4 {main}
  thrown in /app/public/wp-content/themes/mytheme/front-page.php on line 32
[17-Feb-2019 11:42:49 UTC] PHP Fatal error:  Uncaught Exception: DateTime::__construct(): Failed to parse time string (18/02/2019) at position 0 (1): Unexpected character in /app/public/wp-content/themes/mytheme/front-page.php:32
Stack trace:
#0 /app/public/wp-content/themes/mytheme/front-page.php(32): DateTime->__construct('18/02/2019')
#1 /app/public/wp-includes/template-loader.php(74): include('/app/public/wp-...')
#2 /app/public/wp-blog-header.php(19): require_once('/app/public/wp-...')
#3 /app/public/index.php(17): require('/app/public/wp-...')
#4 {main}
  thrown in /app/public/wp-content/themes/mytheme/front-page.php on line 32
[17-Feb-2019 11:43:11 UTC] PHP Fatal error:  Uncaught Exception: DateTime::__construct(): Failed to parse time string (18/02/2019) at position 0 (1): Unexpected character in /app/public/wp-content/themes/mytheme/front-page.php:32
Stack trace:
#0 /app/public/wp-content/themes/mytheme/front-page.php(32): DateTime->__construct('18/02/2019')
#1 /app/public/wp-includes/template-loader.php(74): include('/app/public/wp-...')
#2 /app/public/wp-blog-header.php(19): require_once('/app/public/wp-...')
#3 /app/public/index.php(17): require('/app/public/wp-...')
#4 {main}
  thrown in /app/public/wp-content/themes/mytheme/front-page.php on line 32
[17-Feb-2019 11:43:12 UTC] PHP Fatal error:  Uncaught Exception: DateTime::__construct(): Failed to parse time string (18/02/2019) at position 0 (1): Unexpected character in /app/public/wp-content/themes/mytheme/front-page.php:32
Stack trace:
#0 /app/public/wp-content/themes/mytheme/front-page.php(32): DateTime->__construct('18/02/2019')
#1 /app/public/wp-includes/template-loader.php(74): include('/app/public/wp-...')
#2 /app/public/wp-blog-header.php(19): require_once('/app/public/wp-...')
#3 /app/public/index.php(17): require('/app/public/wp-...')
#4 {main}
  thrown in /app/public/wp-content/themes/mytheme/front-page.php on line 32
[17-Feb-2019 11:43:27 UTC] PHP Fatal error:  Uncaught Exception: DateTime::__construct(): Failed to parse time string (18/02/2019) at position 0 (1): Unexpected character in /app/public/wp-content/themes/mytheme/front-page.php:32
Stack trace:
#0 /app/public/wp-content/themes/mytheme/front-page.php(32): DateTime->__construct('18/02/2019')
#1 /app/public/wp-includes/template-loader.php(74): include('/app/public/wp-...')
#2 /app/public/wp-blog-header.php(19): require_once('/app/public/wp-...')
#3 /app/public/index.php(17): require('/app/public/wp-...')
#4 {main}
  thrown in /app/public/wp-content/themes/mytheme/front-page.php on line 32
[17-Feb-2019 11:43:39 UTC] PHP Fatal error:  Uncaught Exception: DateTime::__construct(): Failed to parse time string (18/02/2019) at position 0 (1): Unexpected character in /app/public/wp-content/themes/mytheme/front-page.php:32
Stack trace:
#0 /app/public/wp-content/themes/mytheme/front-page.php(32): DateTime->__construct('18/02/2019')
#1 /app/public/wp-includes/template-loader.php(74): include('/app/public/wp-...')
#2 /app/public/wp-blog-header.php(19): require_once('/app/public/wp-...')
#3 /app/public/index.php(17): require('/app/public/wp-...')
#4 {main}
  thrown in /app/public/wp-content/themes/mytheme/front-page.php on line 32
[17-Feb-2019 11:49:10 UTC] PHP Fatal error:  Uncaught Exception: DateTime::__construct(): Failed to parse time string (18/02/2019) at position 0 (1): Unexpected character in /app/public/wp-content/themes/mytheme/front-page.php:32
Stack trace:
#0 /app/public/wp-content/themes/mytheme/front-page.php(32): DateTime->__construct('18/02/2019')
#1 /app/public/wp-includes/template-loader.php(74): include('/app/public/wp-...')
#2 /app/public/wp-blog-header.php(19): require_once('/app/public/wp-...')
#3 /app/public/index.php(17): require('/app/public/wp-...')
#4 {main}
  thrown in /app/public/wp-content/themes/mytheme/front-page.php on line 32
[17-Feb-2019 11:50:31 UTC] PHP Fatal error:  Uncaught Exception: DateTime::__construct(): Failed to parse time string (18/02/2019) at position 0 (1): Unexpected character in /app/public/wp-content/themes/mytheme/front-page.php:32
Stack trace:
#0 /app/public/wp-content/themes/mytheme/front-page.php(32): DateTime->__construct('18/02/2019')
#1 /app/public/wp-includes/template-loader.php(74): include('/app/public/wp-...')
#2 /app/public/wp-blog-header.php(19): require_once('/app/public/wp-...')
#3 /app/public/index.php(17): require('/app/public/wp-...')
#4 {main}
  thrown in /app/public/wp-content/themes/mytheme/front-page.php on line 32
[17-Feb-2019 11:50:36 UTC] PHP Fatal error:  Uncaught Exception: DateTime::__construct(): Failed to parse time string (18/02/2019) at position 0 (1): Unexpected character in /app/public/wp-content/themes/mytheme/front-page.php:32
Stack trace:
#0 /app/public/wp-content/themes/mytheme/front-page.php(32): DateTime->__construct('18/02/2019')
#1 /app/public/wp-includes/template-loader.php(74): include('/app/public/wp-...')
#2 /app/public/wp-blog-header.php(19): require_once('/app/public/wp-...')
#3 /app/public/index.php(17): require('/app/public/wp-...')
#4 {main}
  thrown in /app/public/wp-content/themes/mytheme/front-page.php on line 32
[17-Feb-2019 11:50:43 UTC] PHP Fatal error:  Uncaught Exception: DateTime::__construct(): Failed to parse time string (18/02/2019) at position 0 (1): Unexpected character in /app/public/wp-content/themes/mytheme/front-page.php:32
Stack trace:
#0 /app/public/wp-content/themes/mytheme/front-page.php(32): DateTime->__construct('18/02/2019')
#1 /app/public/wp-includes/template-loader.php(74): include('/app/public/wp-...')
#2 /app/public/wp-blog-header.php(19): require_once('/app/public/wp-...')
#3 /app/public/index.php(17): require('/app/public/wp-...')
#4 {main}
  thrown in /app/public/wp-content/themes/mytheme/front-page.php on line 32
[17-Feb-2019 11:50:47 UTC] PHP Fatal error:  Uncaught Exception: DateTime::__construct(): Failed to parse time string (18/02/2019) at position 0 (1): Unexpected character in /app/public/wp-content/themes/mytheme/front-page.php:32
Stack trace:
#0 /app/public/wp-content/themes/mytheme/front-page.php(32): DateTime->__construct('18/02/2019')
#1 /app/public/wp-includes/template-loader.php(74): include('/app/public/wp-...')
#2 /app/public/wp-blog-header.php(19): require_once('/app/public/wp-...')
#3 /app/public/index.php(17): require('/app/public/wp-...')
#4 {main}
  thrown in /app/public/wp-content/themes/mytheme/front-page.php on line 32
[17-Feb-2019 11:53:34 UTC] PHP Fatal error:  Uncaught Exception: DateTime::__construct(): Failed to parse time string (18/02/2019) at position 0 (1): Unexpected character in /app/public/wp-content/themes/mytheme/front-page.php:32
Stack trace:
#0 /app/public/wp-content/themes/mytheme/front-page.php(32): DateTime->__construct('18/02/2019')
#1 /app/public/wp-includes/template-loader.php(74): include('/app/public/wp-...')
#2 /app/public/wp-blog-header.php(19): require_once('/app/public/wp-...')
#3 /app/public/index.php(17): require('/app/public/wp-...')
#4 {main}
  thrown in /app/public/wp-content/themes/mytheme/front-page.php on line 32
[17-Feb-2019 11:54:10 UTC] PHP Warning:  Use of undefined constant flase - assumed 'flase' (this will throw an Error in a future version of PHP) in /app/public/wp-content/themes/mytheme/front-page.php on line 32
[17-Feb-2019 11:54:10 UTC] PHP Fatal error:  Uncaught Exception: DateTime::__construct(): Failed to parse time string (18/02/2019) at position 0 (1): Unexpected character in /app/public/wp-content/themes/mytheme/front-page.php:32
Stack trace:
#0 /app/public/wp-content/themes/mytheme/front-page.php(32): DateTime->__construct('18/02/2019')
#1 /app/public/wp-includes/template-loader.php(74): include('/app/public/wp-...')
#2 /app/public/wp-blog-header.php(19): require_once('/app/public/wp-...')
#3 /app/public/index.php(17): require('/app/public/wp-...')
#4 {main}
  thrown in /app/public/wp-content/themes/mytheme/front-page.php on line 32
[17-Feb-2019 11:54:14 UTC] PHP Warning:  Use of undefined constant flase - assumed 'flase' (this will throw an Error in a future version of PHP) in /app/public/wp-content/themes/mytheme/front-page.php on line 32
[17-Feb-2019 11:54:14 UTC] PHP Fatal error:  Uncaught Exception: DateTime::__construct(): Failed to parse time string (18/02/2019) at position 0 (1): Unexpected character in /app/public/wp-content/themes/mytheme/front-page.php:32
Stack trace:
#0 /app/public/wp-content/themes/mytheme/front-page.php(32): DateTime->__construct('18/02/2019')
#1 /app/public/wp-includes/template-loader.php(74): include('/app/public/wp-...')
#2 /app/public/wp-blog-header.php(19): require_once('/app/public/wp-...')
#3 /app/public/index.php(17): require('/app/public/wp-...')
#4 {main}
  thrown in /app/public/wp-content/themes/mytheme/front-page.php on line 32
[17-Feb-2019 11:58:25 UTC] PHP Warning:  Use of undefined constant flase - assumed 'flase' (this will throw an Error in a future version of PHP) in /app/public/wp-content/themes/mytheme/front-page.php on line 32
[17-Feb-2019 11:58:25 UTC] PHP Fatal error:  Uncaught Exception: DateTime::__construct(): Failed to parse time string (18/02/2019) at position 0 (1): Unexpected character in /app/public/wp-content/themes/mytheme/front-page.php:32
Stack trace:
#0 /app/public/wp-content/themes/mytheme/front-page.php(32): DateTime->__construct('18/02/2019')
#1 /app/public/wp-includes/template-loader.php(74): include('/app/public/wp-...')
#2 /app/public/wp-blog-header.php(19): require_once('/app/public/wp-...')
#3 /app/public/index.php(17): require('/app/public/wp-...')
#4 {main}
  thrown in /app/public/wp-content/themes/mytheme/front-page.php on line 32
[17-Feb-2019 11:58:29 UTC] PHP Warning:  Use of undefined constant flase - assumed 'flase' (this will throw an Error in a future version of PHP) in /app/public/wp-content/themes/mytheme/front-page.php on line 32
[17-Feb-2019 11:58:29 UTC] PHP Fatal error:  Uncaught Exception: DateTime::__construct(): Failed to parse time string (18/02/2019) at position 0 (1): Unexpected character in /app/public/wp-content/themes/mytheme/front-page.php:32
Stack trace:
#0 /app/public/wp-content/themes/mytheme/front-page.php(32): DateTime->__construct('18/02/2019')
#1 /app/public/wp-includes/template-loader.php(74): include('/app/public/wp-...')
#2 /app/public/wp-blog-header.php(19): require_once('/app/public/wp-...')
#3 /app/public/index.php(17): require('/app/public/wp-...')
#4 {main}
  thrown in /app/public/wp-content/themes/mytheme/front-page.php on line 32
[17-Feb-2019 11:58:47 UTC] PHP Fatal error:  Uncaught ArgumentCountError: Too few arguments to function get_field(), 0 passed in /app/public/wp-content/themes/mytheme/front-page.php on line 32 and at least 1 expected in /app/public/wp-content/plugins/advanced-custom-fields/includes/api/api-template.php:20
Stack trace:
#0 /app/public/wp-content/themes/mytheme/front-page.php(32): get_field()
#1 /app/public/wp-includes/template-loader.php(74): include('/app/public/wp-...')
#2 /app/public/wp-blog-header.php(19): require_once('/app/public/wp-...')
#3 /app/public/index.php(17): require('/app/public/wp-...')
#4 {main}
  thrown in /app/public/wp-content/plugins/advanced-custom-fields/includes/api/api-template.php on line 20
[17-Feb-2019 11:58:52 UTC] PHP Fatal error:  Uncaught ArgumentCountError: Too few arguments to function get_field(), 0 passed in /app/public/wp-content/themes/mytheme/front-page.php on line 32 and at least 1 expected in /app/public/wp-content/plugins/advanced-custom-fields/includes/api/api-template.php:20
Stack trace:
#0 /app/public/wp-content/themes/mytheme/front-page.php(32): get_field()
#1 /app/public/wp-includes/template-loader.php(74): include('/app/public/wp-...')
#2 /app/public/wp-blog-header.php(19): require_once('/app/public/wp-...')
#3 /app/public/index.php(17): require('/app/public/wp-...')
#4 {main}
  thrown in /app/public/wp-content/plugins/advanced-custom-fields/includes/api/api-template.php on line 20
[17-Feb-2019 12:06:26 UTC] PHP Warning:  Use of undefined constant flase - assumed 'flase' (this will throw an Error in a future version of PHP) in /app/public/wp-content/themes/mytheme/front-page.php on line 32
[17-Feb-2019 12:06:26 UTC] PHP Fatal error:  Uncaught Exception: DateTime::__construct(): Failed to parse time string (18/02/2019) at position 0 (1): Unexpected character in /app/public/wp-content/themes/mytheme/front-page.php:33
Stack trace:
#0 /app/public/wp-content/themes/mytheme/front-page.php(33): DateTime->__construct('18/02/2019')
#1 /app/public/wp-includes/template-loader.php(74): include('/app/public/wp-...')
#2 /app/public/wp-blog-header.php(19): require_once('/app/public/wp-...')
#3 /app/public/index.php(17): require('/app/public/wp-...')
#4 {main}
  thrown in /app/public/wp-content/themes/mytheme/front-page.php on line 33
[17-Feb-2019 12:25:29 UTC] PHP Warning:  Use of undefined constant flase - assumed 'flase' (this will throw an Error in a future version of PHP) in /app/public/wp-content/themes/mytheme/front-page.php on line 32
[17-Feb-2019 12:25:29 UTC] PHP Fatal error:  Uncaught Exception: DateTime::__construct(): Failed to parse time string (18/02/2019) at position 0 (1): Unexpected character in /app/public/wp-content/themes/mytheme/front-page.php:33
Stack trace:
#0 /app/public/wp-content/themes/mytheme/front-page.php(33): DateTime->__construct('18/02/2019')
#1 /app/public/wp-includes/template-loader.php(74): include('/app/public/wp-...')
#2 /app/public/wp-blog-header.php(19): require_once('/app/public/wp-...')
#3 /app/public/index.php(17): require('/app/public/wp-...')
#4 {main}
  thrown in /app/public/wp-content/themes/mytheme/front-page.php on line 33
[17-Feb-2019 12:26:44 UTC] PHP Fatal error:  Uncaught Exception: DateTime::__construct(): Failed to parse time string (18/02/2019) at position 0 (1): Unexpected character in /app/public/wp-content/themes/mytheme/front-page.php:33
Stack trace:
#0 /app/public/wp-content/themes/mytheme/front-page.php(33): DateTime->__construct('18/02/2019')
#1 /app/public/wp-includes/template-loader.php(74): include('/app/public/wp-...')
#2 /app/public/wp-blog-header.php(19): require_once('/app/public/wp-...')
#3 /app/public/index.php(17): require('/app/public/wp-...')
#4 {main}
  thrown in /app/public/wp-content/themes/mytheme/front-page.php on line 33
[17-Feb-2019 12:27:37 UTC] PHP Warning:  Use of undefined constant flase - assumed 'flase' (this will throw an Error in a future version of PHP) in /app/public/wp-content/themes/mytheme/front-page.php on line 32
[17-Feb-2019 12:27:37 UTC] PHP Fatal error:  Uncaught Exception: DateTime::__construct(): Failed to parse time string (18/02/2019) at position 0 (1): Unexpected character in /app/public/wp-content/themes/mytheme/front-page.php:33
Stack trace:
#0 /app/public/wp-content/themes/mytheme/front-page.php(33): DateTime->__construct('18/02/2019')
#1 /app/public/wp-includes/template-loader.php(74): include('/app/public/wp-...')
#2 /app/public/wp-blog-header.php(19): require_once('/app/public/wp-...')
#3 /app/public/index.php(17): require('/app/public/wp-...')
#4 {main}
  thrown in /app/public/wp-content/themes/mytheme/front-page.php on line 33
[19-Feb-2019 10:33:10 UTC] PHP Warning:  call_user_func_array() expects parameter 1 to be a valid callback, function 'university_adjust_queries' not found or invalid function name in /app/public/wp-includes/class-wp-hook.php on line 286
[19-Feb-2019 10:33:10 UTC] PHP Warning:  call_user_func_array() expects parameter 1 to be a valid callback, function 'university_adjust_queries' not found or invalid function name in /app/public/wp-includes/class-wp-hook.php on line 286
[19-Feb-2019 10:33:10 UTC] PHP Warning:  call_user_func_array() expects parameter 1 to be a valid callback, function 'university_adjust_queries' not found or invalid function name in /app/public/wp-includes/class-wp-hook.php on line 286
[19-Feb-2019 10:33:10 UTC] PHP Warning:  call_user_func_array() expects parameter 1 to be a valid callback, function 'university_adjust_queries' not found or invalid function name in /app/public/wp-includes/class-wp-hook.php on line 286
[19-Feb-2019 10:43:19 UTC] PHP Parse error:  syntax error, unexpected '}' in /app/public/wp-content/themes/mytheme/functions.php on line 28
[19-Feb-2019 11:14:40 UTC] PHP Parse error:  syntax error, unexpected '=', expecting ')' in /app/public/wp-content/themes/mytheme/page-past-events.php on line 20
[19-Feb-2019 20:51:56 UTC] PHP Parse error:  syntax error, unexpected end of file in /app/public/wp-content/themes/mytheme/single-event.php on line 47
[19-Feb-2019 20:53:09 UTC] PHP Parse error:  syntax error, unexpected end of file in /app/public/wp-content/themes/mytheme/single-event.php on line 48
[19-Feb-2019 20:53:29 UTC] PHP Parse error:  syntax error, unexpected end of file in /app/public/wp-content/themes/mytheme/single-event.php on line 47
[19-Feb-2019 20:53:40 UTC] PHP Parse error:  syntax error, unexpected end of file in /app/public/wp-content/themes/mytheme/single-event.php on line 46
[19-Feb-2019 20:53:53 UTC] PHP Parse error:  syntax error, unexpected end of file in /app/public/wp-content/themes/mytheme/single-event.php on line 46
[19-Feb-2019 21:02:23 UTC] PHP Parse error:  syntax error, unexpected end of file in /app/public/wp-content/themes/mytheme/single-event.php on line 45
[19-Feb-2019 21:05:15 UTC] PHP Parse error:  syntax error, unexpected end of file in /app/public/wp-content/themes/mytheme/single-event.php on line 45
[19-Feb-2019 21:09:30 UTC] PHP Parse error:  syntax error, unexpected end of file in /app/public/wp-content/themes/mytheme/single-event.php on line 47
[20-Feb-2019 14:23:55 UTC] PHP Parse error:  syntax error, unexpected 'echo' (T_ECHO), expecting ',' or ';' in /app/public/wp-content/themes/mytheme/single-program.php on line 50
[22-Feb-2019 16:21:28 UTC] PHP Parse error:  syntax error, unexpected 'get_the_title' (T_STRING), expecting ',' or ';' in /app/public/wp-content/themes/mytheme/single-program.php on line 44
[27-Feb-2019 14:49:40 UTC] PHP Warning:  Use of undefined constant args - assumed 'args' (this will throw an Error in a future version of PHP) in /app/public/wp-content/themes/mytheme/functions.php on line 19
[27-Feb-2019 14:49:40 UTC] PHP Warning:  Illegal string offset 'photo' in /app/public/wp-content/themes/mytheme/functions.php on line 19
[27-Feb-2019 14:49:42 UTC] PHP Parse error:  syntax error, unexpected ')' in /app/public/wp-content/themes/mytheme/page.php on line 9
[27-Feb-2019 14:54:17 UTC] PHP Warning:  Use of undefined constant args - assumed 'args' (this will throw an Error in a future version of PHP) in /app/public/wp-content/themes/mytheme/functions.php on line 19
[27-Feb-2019 14:54:17 UTC] PHP Warning:  Illegal string offset 'photo' in /app/public/wp-content/themes/mytheme/functions.php on line 19
[27-Feb-2019 14:54:24 UTC] PHP Warning:  Use of undefined constant args - assumed 'args' (this will throw an Error in a future version of PHP) in /app/public/wp-content/themes/mytheme/functions.php on line 19
[27-Feb-2019 14:54:24 UTC] PHP Warning:  Illegal string offset 'photo' in /app/public/wp-content/themes/mytheme/functions.php on line 19
[27-Feb-2019 14:55:54 UTC] PHP Warning:  Use of undefined constant args - assumed 'args' (this will throw an Error in a future version of PHP) in /app/public/wp-content/themes/mytheme/functions.php on line 19
[27-Feb-2019 14:55:54 UTC] PHP Warning:  Illegal string offset 'photo' in /app/public/wp-content/themes/mytheme/functions.php on line 19
[27-Feb-2019 14:56:27 UTC] PHP Warning:  Use of undefined constant args - assumed 'args' (this will throw an Error in a future version of PHP) in /app/public/wp-content/themes/mytheme/functions.php on line 20
[27-Feb-2019 14:56:27 UTC] PHP Warning:  Illegal string offset 'photo' in /app/public/wp-content/themes/mytheme/functions.php on line 20
[27-Feb-2019 14:56:59 UTC] PHP Warning:  Use of undefined constant args - assumed 'args' (this will throw an Error in a future version of PHP) in /app/public/wp-content/themes/mytheme/functions.php on line 20
[27-Feb-2019 14:56:59 UTC] PHP Warning:  Illegal string offset 'photo' in /app/public/wp-content/themes/mytheme/functions.php on line 20
[27-Feb-2019 14:57:02 UTC] PHP Warning:  Use of undefined constant args - assumed 'args' (this will throw an Error in a future version of PHP) in /app/public/wp-content/themes/mytheme/functions.php on line 20
[27-Feb-2019 14:57:02 UTC] PHP Warning:  Illegal string offset 'photo' in /app/public/wp-content/themes/mytheme/functions.php on line 20
[27-Feb-2019 14:59:14 UTC] PHP Warning:  Use of undefined constant args - assumed 'args' (this will throw an Error in a future version of PHP) in /app/public/wp-content/themes/mytheme/functions.php on line 20
[27-Feb-2019 14:59:14 UTC] PHP Warning:  Illegal string offset 'photo' in /app/public/wp-content/themes/mytheme/functions.php on line 20
[06-Mar-2019 15:45:26 UTC] PHP Parse error:  syntax error, unexpected end of file in /app/public/wp-content/themes/mytheme/archive-campus.php on line 31
[06-Mar-2019 15:46:14 UTC] PHP Parse error:  syntax error, unexpected end of file in /app/public/wp-content/themes/mytheme/archive-campus.php on line 30
[06-Mar-2019 15:47:29 UTC] PHP Parse error:  syntax error, unexpected end of file in /app/public/wp-content/themes/mytheme/archive-campus.php on line 34
[06-Mar-2019 16:35:31 UTC] PHP Warning:  Illegal string offset 'address' in /app/public/wp-content/themes/mytheme/single-campus.php on line 26
[06-Mar-2019 16:36:49 UTC] PHP Warning:  Illegal string offset 'address' in /app/public/wp-content/themes/mytheme/single-campus.php on line 26
[06-Mar-2019 16:54:56 UTC] PHP Parse error:  syntax error, unexpected '.' in /app/public/wp-content/themes/mytheme/single-program.php on line 94
[06-Mar-2019 16:55:27 UTC] PHP Parse error:  syntax error, unexpected '.' in /app/public/wp-content/themes/mytheme/single-program.php on line 94
[06-Mar-2019 16:57:31 UTC] PHP Parse error:  syntax error, unexpected '.' in /app/public/wp-content/themes/mytheme/single-program.php on line 94
[06-Mar-2019 17:02:40 UTC] PHP Parse error:  syntax error, unexpected 'foreach' (T_FOREACH), expecting ',' or ';' in /app/public/wp-content/themes/mytheme/single-program.php on line 97
[06-Mar-2019 17:03:28 UTC] PHP Parse error:  syntax error, unexpected 'foreach' (T_FOREACH), expecting ',' or ';' in /app/public/wp-content/themes/mytheme/single-program.php on line 97
[06-Mar-2019 17:04:11 UTC] PHP Parse error:  syntax error, unexpected '}', expecting ',' or ';' in /app/public/wp-content/themes/mytheme/single-program.php on line 102
[10-Mar-2019 13:57:58 UTC] PHP Parse error:  syntax error, unexpected ';', expecting ')' in /app/public/wp-content/themes/mytheme/functions.php on line 38
[11-Mar-2019 21:56:53 UTC] PHP Parse error:  syntax error, unexpected 'website_cstom_rest' (T_STRING) in /app/public/wp-content/themes/mytheme/functions.php on line 4
[11-Mar-2019 21:57:02 UTC] PHP Parse error:  syntax error, unexpected 'website_cstom_rest' (T_STRING) in /app/public/wp-content/themes/mytheme/functions.php on line 4
[12-Mar-2019 15:16:33 UTC] PHP Fatal error:  Uncaught Error: Call to undefined function get_theme_file_patch() in /app/public/wp-content/themes/mytheme/functions.php:3
Stack trace:
#0 /app/public/wp-settings.php(479): include()
#1 /app/public/wp-config.php(76): require_once('/app/public/wp-...')
#2 /app/public/wp-load.php(37): require_once('/app/public/wp-...')
#3 /app/public/wp-blog-header.php(13): require_once('/app/public/wp-...')
#4 /app/public/index.php(17): require('/app/public/wp-...')
#5 {main}
  thrown in /app/public/wp-content/themes/mytheme/functions.php on line 3
[12-Mar-2019 15:25:04 UTC] PHP Fatal error:  Uncaught Error: Call to undefined function get_theme_file_patch() in /app/public/wp-content/themes/mytheme/functions.php:4
Stack trace:
#0 /app/public/wp-settings.php(479): include()
#1 /app/public/wp-config.php(76): require_once('/app/public/wp-...')
#2 /app/public/wp-load.php(37): require_once('/app/public/wp-...')
#3 /app/public/wp-blog-header.php(13): require_once('/app/public/wp-...')
#4 /app/public/index.php(17): require('/app/public/wp-...')
#5 {main}
  thrown in /app/public/wp-content/themes/mytheme/functions.php on line 4
[12-Mar-2019 15:25:15 UTC] PHP Fatal error:  Uncaught Error: Call to undefined function get_theme_file_patch() in /app/public/wp-content/themes/mytheme/functions.php:4
Stack trace:
#0 /app/public/wp-settings.php(479): include()
#1 /app/public/wp-config.php(76): require_once('/app/public/wp-...')
#2 /app/public/wp-load.php(37): require_once('/app/public/wp-...')
#3 /app/public/wp-blog-header.php(13): require_once('/app/public/wp-...')
#4 /app/public/index.php(17): require('/app/public/wp-...')
#5 {main}
  thrown in /app/public/wp-content/themes/mytheme/functions.php on line 4
[12-Mar-2019 15:25:40 UTC] PHP Fatal error:  Uncaught Error: Call to undefined function get_theme_file_patch() in /app/public/wp-content/themes/mytheme/functions.php:4
Stack trace:
#0 /app/public/wp-settings.php(479): include()
#1 /app/public/wp-config.php(76): require_once('/app/public/wp-...')
#2 /app/public/wp-load.php(37): require_once('/app/public/wp-...')
#3 /app/public/wp-blog-header.php(13): require_once('/app/public/wp-...')
#4 /app/public/index.php(17): require('/app/public/wp-...')
#5 {main}
  thrown in /app/public/wp-content/themes/mytheme/functions.php on line 4
[12-Mar-2019 15:27:11 UTC] PHP Fatal error:  Uncaught Error: Call to undefined function get_theme_file_patch() in /app/public/wp-content/themes/mytheme/functions.php:4
Stack trace:
#0 /app/public/wp-settings.php(479): include()
#1 /app/public/wp-config.php(76): require_once('/app/public/wp-...')
#2 /app/public/wp-load.php(37): require_once('/app/public/wp-...')
#3 /app/public/wp-blog-header.php(13): require_once('/app/public/wp-...')
#4 /app/public/index.php(17): require('/app/public/wp-...')
#5 {main}
  thrown in /app/public/wp-content/themes/mytheme/functions.php on line 4
[12-Mar-2019 15:27:17 UTC] PHP Parse error:  syntax error, unexpected 'universityRegisterSearch' (T_STRING) in /app/public/wp-content/themes/mytheme/inc/search-route.php on line 5
[12-Mar-2019 19:03:00 UTC] PHP Parse error:  syntax error, unexpected ';', expecting ')' in /app/public/wp-content/themes/mytheme/inc/search-route.php on line 15
[12-Mar-2019 19:05:13 UTC] PHP Fatal error:  Uncaught Error: Call to undefined function sanitie_text_field() in /app/public/wp-content/themes/mytheme/inc/search-route.php:15
Stack trace:
#0 /app/public/wp-includes/rest-api/class-wp-rest-server.php(946): universitySearchResults(Object(WP_REST_Request))
#1 /app/public/wp-includes/rest-api/class-wp-rest-server.php(329): WP_REST_Server->dispatch(Object(WP_REST_Request))
#2 /app/public/wp-includes/rest-api.php(309): WP_REST_Server->serve_request('/university/v1/...')
#3 /app/public/wp-includes/class-wp-hook.php(286): rest_api_loaded(Object(WP))
#4 /app/public/wp-includes/class-wp-hook.php(310): WP_Hook->apply_filters('', Array)
#5 /app/public/wp-includes/plugin.php(531): WP_Hook->do_action(Array)
#6 /app/public/wp-includes/class-wp.php(387): do_action_ref_array('parse_request', Array)
#7 /app/public/wp-includes/class-wp.php(737): WP->parse_request('')
#8 /app/public/wp-includes/functions.php(1105): WP->main('')
#9 /app/public/wp-blog-header.php(16): wp()
#10 /app/public/index.php(17): require('/app/public/wp in /app/public/wp-content/themes/mytheme/inc/search-route.php on line 15
[12-Mar-2019 19:05:19 UTC] PHP Fatal error:  Uncaught Error: Call to undefined function sanitie_text_field() in /app/public/wp-content/themes/mytheme/inc/search-route.php:15
Stack trace:
#0 /app/public/wp-includes/rest-api/class-wp-rest-server.php(946): universitySearchResults(Object(WP_REST_Request))
#1 /app/public/wp-includes/rest-api/class-wp-rest-server.php(329): WP_REST_Server->dispatch(Object(WP_REST_Request))
#2 /app/public/wp-includes/rest-api.php(309): WP_REST_Server->serve_request('/university/v1/...')
#3 /app/public/wp-includes/class-wp-hook.php(286): rest_api_loaded(Object(WP))
#4 /app/public/wp-includes/class-wp-hook.php(310): WP_Hook->apply_filters('', Array)
#5 /app/public/wp-includes/plugin.php(531): WP_Hook->do_action(Array)
#6 /app/public/wp-includes/class-wp.php(387): do_action_ref_array('parse_request', Array)
#7 /app/public/wp-includes/class-wp.php(737): WP->parse_request('')
#8 /app/public/wp-includes/functions.php(1105): WP->main('')
#9 /app/public/wp-blog-header.php(16): wp()
#10 /app/public/index.php(17): require('/app/public/wp in /app/public/wp-content/themes/mytheme/inc/search-route.php on line 15
[13-Mar-2019 14:47:10 UTC] PHP Parse error:  syntax error, unexpected ''day'' (T_CONSTANT_ENCAPSED_STRING), expecting ')' in /app/public/wp-content/themes/mytheme/inc/search-route.php on line 56
[13-Mar-2019 18:02:24 UTC] PHP Parse error:  syntax error, unexpected ''image'' (T_CONSTANT_ENCAPSED_STRING), expecting ')' in /app/public/wp-content/themes/mytheme/inc/search-route.php on line 101
[14-Mar-2019 12:05:13 UTC] PHP Parse error:  syntax error, unexpected '=', expecting ')' in /app/public/wp-content/themes/mytheme/inc/search-route.php on line 89
[14-Mar-2019 12:06:19 UTC] PHP Parse error:  syntax error, unexpected '=', expecting ')' in /app/public/wp-content/themes/mytheme/inc/search-route.php on line 89
[14-Mar-2019 12:08:20 UTC] PHP Parse error:  syntax error, unexpected '=', expecting ')' in /app/public/wp-content/themes/mytheme/inc/search-route.php on line 89
[14-Mar-2019 12:19:50 UTC] PHP Fatal error:  Uncaught Error: Call to undefined function the_fields() in /app/public/wp-content/themes/mytheme/single-program.php:16
Stack trace:
#0 /app/public/wp-includes/template-loader.php(77): include()
#1 /app/public/wp-blog-header.php(19): require_once('/app/public/wp-...')
#2 /app/public/index.php(17): require('/app/public/wp-...')
#3 {main}
  thrown in /app/public/wp-content/themes/mytheme/single-program.php on line 16
[14-Mar-2019 12:19:50 UTC] PHP Fatal error:  Uncaught Error: Call to undefined function the_fields() in /app/public/wp-content/themes/mytheme/single-program.php:16
Stack trace:
#0 /app/public/wp-includes/template-loader.php(77): include()
#1 /app/public/wp-blog-header.php(19): require_once('/app/public/wp-...')
#2 /app/public/index.php(17): require('/app/public/wp-...')
#3 {main}
  thrown in /app/public/wp-content/themes/mytheme/single-program.php on line 16
[18-Mar-2019 14:14:07 UTC] WordPress database error Server shutdown in progress for query SELECT * FROM wp_posts WHERE ID = 3 LIMIT 1 made by do_action('admin_init'), WP_Hook->do_action, WP_Hook->apply_filters, WP_Privacy_Policy_Content::text_change_check, current_user_can, WP_User->has_cap, map_meta_cap, get_post, WP_Post::get_instance
[18-Mar-2019 15:25:07 UTC] PHP Parse error:  syntax error, unexpected ';' in /app/public/wp-content/themes/mytheme/functions.php on line 122
[18-Mar-2019 15:25:08 UTC] PHP Parse error:  syntax error, unexpected ';' in /app/public/wp-content/themes/mytheme/functions.php on line 122
[21-Mar-2019 11:54:25 UTC] PHP Parse error:  syntax error, unexpected ';', expecting ',' or ')' in /app/public/wp-content/themes/mytheme/page-my-notes.php on line 4
